Flow report for Proyecto2
Fri Oct 13 12:15:23 2017
Quartus Prime Version 17.0.0 Build 595 04/25/2017 SJ Lite Edition


---------------------
; Table of Contents ;
---------------------
  1. Legal Notice
  2. Flow Summary
  3. Flow Settings
  4. Flow Non-Default Global Settings
  5. Flow Elapsed Time
  6. Flow OS Summary
  7. Flow Log
  8. Flow Messages
  9. Flow Suppressed Messages



----------------
; Legal Notice ;
----------------
Copyright (C) 2017  Intel Corporation. All rights reserved.
Your use of Intel Corporation's design tools, logic functions 
and other software and tools, and its AMPP partner logic 
functions, and any output files from any of the foregoing 
(including device programming or simulation files), and any 
associated documentation or information are expressly subject 
to the terms and conditions of the Intel Program License 
Subscription Agreement, the Intel Quartus Prime License Agreement,
the Intel MegaCore Function License Agreement, or other 
applicable license agreement, including, without limitation, 
that your use is for the sole purpose of programming logic 
devices manufactured by Intel and sold by Intel or its 
authorized distributors.  Please refer to the applicable 
agreement for further details.



+-------------------------------------------------------------------------------+
; Flow Summary                                                                  ;
+---------------------------------+---------------------------------------------+
; Flow Status                     ; Successful - Fri Oct 13 12:15:23 2017       ;
; Quartus Prime Version           ; 17.0.0 Build 595 04/25/2017 SJ Lite Edition ;
; Revision Name                   ; Proyecto2                                   ;
; Top-level Entity Name           ; project                                     ;
; Family                          ; Cyclone V                                   ;
; Device                          ; 5CSEMA5F31C6                                ;
; Timing Models                   ; Final                                       ;
; Logic utilization (in ALMs)     ; 826 / 32,070 ( 3 % )                        ;
; Total registers                 ; 1240                                        ;
; Total pins                      ; 48 / 457 ( 11 % )                           ;
; Total virtual pins              ; 0                                           ;
; Total block memory bits         ; 60,416 / 4,065,280 ( 1 % )                  ;
; Total DSP Blocks                ; 0 / 87 ( 0 % )                              ;
; Total HSSI RX PCSs              ; 0                                           ;
; Total HSSI PMA RX Deserializers ; 0                                           ;
; Total HSSI TX PCSs              ; 0                                           ;
; Total HSSI PMA TX Serializers   ; 0                                           ;
; Total PLLs                      ; 0 / 6 ( 0 % )                               ;
; Total DLLs                      ; 0 / 4 ( 0 % )                               ;
+---------------------------------+---------------------------------------------+


+-----------------------------------------+
; Flow Settings                           ;
+-------------------+---------------------+
; Option            ; Setting             ;
+-------------------+---------------------+
; Start date & time ; 10/13/2017 12:12:40 ;
; Main task         ; Compilation         ;
; Revision Name     ; Proyecto2           ;
+-------------------+---------------------+


+------------------------------------------------------------------------------------------------------------------------------------------------+
; Flow Non-Default Global Settings                                                                                                               ;
+-------------------------------------+-----------------------------------------------------------+---------------+-------------+----------------+
; Assignment Name                     ; Value                                                     ; Default Value ; Entity Name ; Section Id     ;
+-------------------------------------+-----------------------------------------------------------+---------------+-------------+----------------+
; COMPILER_SIGNATURE_ID               ; 66619477870599.150791836009905                            ; --            ; --          ; --             ;
; EDA_OUTPUT_DATA_FORMAT              ; Verilog Hdl                                               ; --            ; --          ; eda_simulation ;
; EDA_SIMULATION_TOOL                 ; ModelSim-Altera (Verilog)                                 ; <None>        ; --          ; --             ;
; EDA_TIME_SCALE                      ; 1 ps                                                      ; --            ; --          ; eda_simulation ;
; MAX_CORE_JUNCTION_TEMP              ; 85                                                        ; --            ; --          ; --             ;
; MIN_CORE_JUNCTION_TEMP              ; 0                                                         ; --            ; --          ; --             ;
; MISC_FILE                           ; project/synthesis/../project.cmp                          ; --            ; --          ; --             ;
; MISC_FILE                           ; project/synthesis/../../project.qsys                      ; --            ; --          ; --             ;
; PARTITION_COLOR                     ; -- (Not supported for targeted family)                    ; --            ; project     ; Top            ;
; PARTITION_FITTER_PRESERVATION_LEVEL ; -- (Not supported for targeted family)                    ; --            ; project     ; Top            ;
; PARTITION_NETLIST_TYPE              ; -- (Not supported for targeted family)                    ; --            ; project     ; Top            ;
; POWER_BOARD_THERMAL_MODEL           ; None (CONSERVATIVE)                                       ; --            ; --          ; --             ;
; POWER_PRESET_COOLING_SOLUTION       ; 23 MM HEAT SINK WITH 200 LFPM AIRFLOW                     ; --            ; --          ; --             ;
; PROJECT_OUTPUT_DIRECTORY            ; output_files                                              ; --            ; --          ; --             ;
; SLD_FILE                            ; project/synthesis/project.regmap                          ; --            ; --          ; --             ;
; SLD_FILE                            ; project/synthesis/project.debuginfo                       ; --            ; --          ; --             ;
; SLD_INFO                            ; QSYS_NAME project HAS_SOPCINFO 1 GENERATION_ID 1507918214 ; --            ; project     ; --             ;
; SOPCINFO_FILE                       ; project/synthesis/../../project.sopcinfo                  ; --            ; --          ; --             ;
; SYNTHESIS_ONLY_QIP                  ; On                                                        ; --            ; --          ; --             ;
; TOP_LEVEL_ENTITY                    ; project                                                   ; Proyecto2     ; --          ; --             ;
+-------------------------------------+-----------------------------------------------------------+---------------+-------------+----------------+


+-------------------------------------------------------------------------------------------------------------------------------+
; Flow Elapsed Time                                                                                                             ;
+---------------------------+--------------+-------------------------+---------------------+------------------------------------+
; Module Name               ; Elapsed Time ; Average Processors Used ; Peak Virtual Memory ; Total CPU Time (on all processors) ;
+---------------------------+--------------+-------------------------+---------------------+------------------------------------+
; Analysis & Synthesis      ; 00:00:42     ; 1.0                     ; 1174 MB             ; 00:01:27                           ;
; Fitter                    ; 00:01:27     ; 1.1                     ; 2158 MB             ; 00:02:39                           ;
; Assembler                 ; 00:00:09     ; 1.0                     ; 998 MB              ; 00:00:10                           ;
; TimeQuest Timing Analyzer ; 00:00:13     ; 1.4                     ; 1232 MB             ; 00:00:16                           ;
; EDA Netlist Writer        ; 00:00:03     ; 1.0                     ; 1182 MB             ; 00:00:03                           ;
; Total                     ; 00:02:34     ; --                      ; --                  ; 00:04:35                           ;
+---------------------------+--------------+-------------------------+---------------------+------------------------------------+


+---------------------------------------------------------------------------------------------+
; Flow OS Summary                                                                             ;
+---------------------------+------------------+----------------+------------+----------------+
; Module Name               ; Machine Hostname ; OS Name        ; OS Version ; Processor type ;
+---------------------------+------------------+----------------+------------+----------------+
; Analysis & Synthesis      ; cgomez-pc        ; Ubuntu 16.04.3 ; 16         ; x86_64         ;
; Fitter                    ; cgomez-pc        ; Ubuntu 16.04.3 ; 16         ; x86_64         ;
; Assembler                 ; cgomez-pc        ; Ubuntu 16.04.3 ; 16         ; x86_64         ;
; TimeQuest Timing Analyzer ; cgomez-pc        ; Ubuntu 16.04.3 ; 16         ; x86_64         ;
; EDA Netlist Writer        ; cgomez-pc        ; Ubuntu 16.04.3 ; 16         ; x86_64         ;
+---------------------------+------------------+----------------+------------+----------------+


------------
; Flow Log ;
------------
quartus_map --read_settings_files=on --write_settings_files=off Proyecto2 -c Proyecto2
quartus_fit --read_settings_files=off --write_settings_files=off Proyecto2 -c Proyecto2
quartus_asm --read_settings_files=off --write_settings_files=off Proyecto2 -c Proyecto2
quartus_sta Proyecto2 -c Proyecto2
quartus_eda --read_settings_files=off --write_settings_files=off Proyecto2 -c Proyecto2



